2024-11-27 14:51:57,381 INFO  [main] Starting Chrome browser in normal mode...
2024-11-27 14:52:00,246 INFO  [main] Navigating to page: http://localhost:8081/
2024-11-27 14:52:01,358 INFO  [main] Finding element with locator: By.xpath: //h1
2024-11-27 14:52:01,907 INFO  [main] Getting Title: WE are social media
2024-11-27 14:52:01,907 INFO  [main] Closing Browser...
2024-11-27 14:52:02,023 INFO  [main] Starting Chrome browser in normal mode...
2024-11-27 14:52:03,362 INFO  [main] Navigating to page: http://localhost:8081/
2024-11-27 14:52:04,411 INFO  [main] Finding element with locator: By.xpath: //i[text()=' Wrong username or password. ']
2024-11-27 14:52:04,438 INFO  [main] Getting Title: Login
2024-11-27 14:52:04,438 INFO  [main] Closing Browser...
2024-11-27 14:52:04,547 INFO  [main] Starting Chrome browser in normal mode...
2024-11-27 14:52:05,842 INFO  [main] Navigating to page: http://localhost:8081/
2024-11-27 14:52:06,711 INFO  [main] Finding element with locator: By.xpath: //a[@href='/admin']
2024-11-27 14:52:06,773 INFO  [main] Getting Title: WE are social media
2024-11-27 14:52:06,773 INFO  [main] Closing Browser...
2024-11-27 14:52:06,845 INFO  [main] Starting Chrome browser in normal mode...
2024-11-27 14:52:08,136 INFO  [main] Navigating to page: http://localhost:8081/
2024-11-27 14:52:09,095 INFO  [main] Finding element with locator: By.xpath: //i[text()=' Wrong username or password. ']
2024-11-27 14:52:09,119 INFO  [main] Getting Title: Login
2024-11-27 14:52:09,119 INFO  [main] Closing Browser...
2024-11-27 14:52:09,225 INFO  [main] Starting Chrome browser in normal mode...
2024-11-27 14:52:10,525 INFO  [main] Navigating to page: http://localhost:8081/
2024-11-27 14:52:11,388 INFO  [main] Finding element with locator: By.xpath: //a[@href='/admin']
2024-11-27 14:52:11,438 INFO  [main] Getting Title: Login
2024-11-27 14:52:11,438 INFO  [main] Closing Browser...
2024-11-27 14:52:11,552 INFO  [main] Starting Chrome browser in normal mode...
2024-11-27 14:52:12,803 INFO  [main] Navigating to page: http://localhost:8081/
2024-11-27 14:52:14,609 INFO  [main] Getting Title: Login
2024-11-27 14:52:14,609 INFO  [main] Closing Browser...
2024-11-27 14:52:14,821 INFO  [main] Starting Chrome browser in normal mode...
2024-11-27 14:52:16,095 INFO  [main] Closing Browser...
